[18:07:23] [main/INFO]: Setting user: Player922
[18:07:24] [Client thread/INFO]: LWJGL Version: 2.9.1
[18:07:28] [Client thread/INFO]: Reloading ResourceManager: Default, FMLFileResourcePack:Forge Mod Loader, FMLFileResourcePack:Minecraft Forge, FMLFileResourcePack:Tutorial Mod
[18:07:29] [Sound Library Loader/INFO]: Sound engine started
[18:07:29] [Client thread/INFO]: Created: 512x256 textures/blocks-atlas
[18:07:29] [Client thread/INFO]: Created: 256x256 textures/items-atlas
[18:07:29] [Client thread/INFO]: Reloading ResourceManager: Default, FMLFileResourcePack:Forge Mod Loader, FMLFileResourcePack:Minecraft Forge, FMLFileResourcePack:Tutorial Mod
[18:07:29] [Client thread/INFO]: Created: 256x256 textures/items-atlas
[18:07:30] [Client thread/INFO]: Created: 512x256 textures/blocks-atlas
[18:07:31] [Sound Library Loader/INFO]: Sound engine started
[18:07:34] [Server thread/INFO]: Starting integrated minecraft server version 1.7.10
[18:07:34] [Server thread/INFO]: Generating keypair
[18:07:35] [Server thread/INFO]: Preparing start region for level 0
[18:07:35] [Server thread/INFO]: Changing view distance to 12, from 10
[18:07:36] [Server thread/INFO]: Player922[local:E:3bf5bd83] logged in with entity id 21 at (-397.1193877886519, 4.0, 1643.325266343799)
[18:07:36] [Server thread/INFO]: Player922 joined the game
[18:07:42] [Server thread/INFO]: Player922 has just earned the achievement [Taking Inventory]
[18:07:42] [Client thread/INFO]: [CHAT] Player922 has just earned the achievement [Taking Inventory]
[18:08:06] [Server thread/INFO]: Saving and pausing game...
[18:08:06] [Server thread/INFO]: Saving chunks for level 'New World'/Overworld
[18:08:06] [Server thread/INFO]: Saving chunks for level 'New World'/Nether
[18:08:06] [Server thread/INFO]: Saving chunks for level 'New World'/The End
[18:08:07] [Server thread/INFO]: Stopping server
[18:08:07] [Server thread/INFO]: Saving players
[18:08:07] [Server thread/INFO]: Saving worlds
[18:08:07] [Server thread/INFO]: Saving chunks for level 'New World'/Overworld
[18:08:07] [Server thread/INFO]: Saving chunks for level 'New World'/Nether
[18:08:07] [Server thread/INFO]: Saving chunks for level 'New World'/The End
[18:08:09] [Client thread/INFO]: Stopping!
[17:18:44] [main/INFO]: Setting user: Player202
[17:18:45] [Client thread/INFO]: LWJGL Version: 2.9.1
[17:18:49] [Client thread/INFO]: Reloading ResourceManager: Default, FMLFileResourcePack:Forge Mod Loader, FMLFileResourcePack:Minecraft Forge, FMLFileResourcePack:Tutorial Mod
[17:18:50] [Sound Library Loader/INFO]: Sound engine started
[17:18:50] [Client thread/INFO]: Created: 512x256 textures/blocks-atlas
[17:18:50] [Client thread/INFO]: Created: 256x256 textures/items-atlas
[17:18:51] [Client thread/INFO]: Reloading ResourceManager: Default, FMLFileResourcePack:Forge Mod Loader, FMLFileResourcePack:Minecraft Forge, FMLFileResourcePack:Tutorial Mod
[17:18:51] [Client thread/INFO]: Created: 256x256 textures/items-atlas
[17:18:51] [Client thread/INFO]: Created: 512x256 textures/blocks-atlas
[17:18:52] [Sound Library Loader/INFO]: Sound engine started
[17:18:56] [Server thread/INFO]: Starting integrated minecraft server version 1.7.10
[17:18:56] [Server thread/INFO]: Generating keypair
[17:18:56] [Server thread/INFO]: Preparing start region for level 0
[17:18:57] [Server thread/INFO]: Changing view distance to 12, from 10
[17:18:57] [Server thread/INFO]: Player202[local:E:5e95c25c] logged in with entity id 273 at (-411.00557791077375, 4.0, 1635.5242364471173)
[17:18:57] [Server thread/INFO]: Player202 joined the game
[17:19:06] [Client thread/INFO]: [CHAT] TutorialMod:tutorialIngot, TutorialMod:tutorialBlock
[17:19:06] [Client thread/INFO]: [CHAT] TutorialMod:tutorialIngot, TutorialMod:tutorialBlock
[17:19:07] [Server thread/INFO]: [Player202: Given [Tutorial Block] * 1 to Player202]
[17:19:07] [Client thread/INFO]: [CHAT] Given [Tutorial Block] * 1 to Player202
[17:19:20] [Server thread/INFO]: Player202 has just earned the achievement [Taking Inventory]
[17:19:20] [Client thread/INFO]: [CHAT] Player202 has just earned the achievement [Taking Inventory]
[17:19:41] [Server thread/INFO]: Saving and pausing game...
[17:19:41] [Server thread/INFO]: Saving chunks for level 'New World'/Overworld
[17:19:41] [Server thread/INFO]: Saving chunks for level 'New World'/Nether
[17:19:41] [Server thread/INFO]: Saving chunks for level 'New World'/The End
[17:19:43] [Server thread/INFO]: Stopping server
[17:19:43] [Server thread/INFO]: Saving players
[17:19:43] [Server thread/INFO]: Saving worlds
[17:19:43] [Server thread/INFO]: Saving chunks for level 'New World'/Overworld
[17:19:43] [Server thread/INFO]: Saving chunks for level 'New World'/Nether
[17:19:43] [Server thread/INFO]: Saving chunks for level 'New World'/The End
[17:19:46] [Client thread/INFO]: Stopping!
